/*C3*/SET SCHEMA PUBLIC
DISCONNECT
/*C4*/SET SCHEMA PUBLIC
DISCONNECT
/*C6*/SET SCHEMA PUBLIC
CREATE TABLE Events ( id VARCHAR(50) NOT NULL, duration BIGINT NOT NULL, type VARCHAR(50), host VARCHAR(50), alert BIT NOT NULL, PRIMARY KEY (id))
DISCONNECT
/*C5*/SET SCHEMA PUBLIC
DISCONNECT
/*C8*/SET SCHEMA PUBLIC
DISCONNECT
/*C9*/SET SCHEMA PUBLIC
DISCONNECT
/*C7*/SET SCHEMA PUBLIC
DISCONNECT
/*C11*/SET SCHEMA PUBLIC
DISCONNECT
/*C12*/SET SCHEMA PUBLIC
DISCONNECT
/*C13*/SET SCHEMA PUBLIC
DISCONNECT
/*C14*/SET SCHEMA PUBLIC
CREATE TABLE IF NOT EXISTS Events ( id VARCHAR(50) NOT NULL, duration BIGINT NOT NULL, type VARCHAR(50), host VARCHAR(50), alert BIT NOT NULL, PRIMARY KEY (id))
DISCONNECT
/*C15*/SET SCHEMA PUBLIC
CREATE TABLE IF NOT EXISTS Events ( id VARCHAR(50) NOT NULL, duration BIGINT NOT NULL, type VARCHAR(50), host VARCHAR(50), alert BIT NOT NULL, PRIMARY KEY (id))
DISCONNECT
/*C16*/SET SCHEMA PUBLIC
DISCONNECT
/*C10*/SET SCHEMA PUBLIC
DROP TABLE Events
/*C17*/SET SCHEMA PUBLIC
DISCONNECT
/*C18*/SET SCHEMA PUBLIC
CREATE TABLE IF NOT EXISTS Events ( id VARCHAR(50) NOT NULL, duration BIGINT, type VARCHAR(50), host VARCHAR(50), alert BIT NOT NULL, PRIMARY KEY (id))
DISCONNECT
/*C19*/SET SCHEMA PUBLIC
CREATE TABLE IF NOT EXISTS Events ( id VARCHAR(50) NOT NULL, duration BIGINT, type VARCHAR(50), host VARCHAR(50), alert BIT NOT NULL, PRIMARY KEY (id))
DISCONNECT
/*C20*/SET SCHEMA PUBLIC
CREATE TABLE IF NOT EXISTS Events ( id VARCHAR(50) NOT NULL, duration BIGINT, type VARCHAR(50), host VARCHAR(50), alert BIT NOT NULL, PRIMARY KEY (id))
DISCONNECT
/*C21*/SET SCHEMA PUBLIC
CREATE TABLE IF NOT EXISTS Events ( id VARCHAR(50) NOT NULL, duration BIGINT, type VARCHAR(50), host VARCHAR(50), alert BIT NOT NULL, PRIMARY KEY (id))
DISCONNECT
/*C22*/SET SCHEMA PUBLIC
CREATE TABLE IF NOT EXISTS Events ( id VARCHAR(50) NOT NULL, duration BIGINT, type VARCHAR(50), host VARCHAR(50), alert BIT NOT NULL, PRIMARY KEY (id))
DISCONNECT
/*C23*/SET SCHEMA PUBLIC
CREATE TABLE IF NOT EXISTS Events ( id VARCHAR(50) NOT NULL, duration BIGINT, type VARCHAR(50), host VARCHAR(50), alert BIT NOT NULL, PRIMARY KEY (id))
DISCONNECT
/*C24*/SET SCHEMA PUBLIC
DISCONNECT
/*C26*/SET SCHEMA PUBLIC
CREATE TABLE IF NOT EXISTS Events ( id VARCHAR(50) NOT NULL, duration BIGINT, type VARCHAR(50), host VARCHAR(50), alert BIT NOT NULL, PRIMARY KEY (id))
DISCONNECT
/*C27*/SET SCHEMA PUBLIC
CREATE TABLE IF NOT EXISTS Events ( id VARCHAR(50) NOT NULL, duration BIGINT, type VARCHAR(50), host VARCHAR(50), alert BIT NOT NULL, PRIMARY KEY (id))
DISCONNECT
/*C28*/SET SCHEMA PUBLIC
CREATE TABLE IF NOT EXISTS Events ( id VARCHAR(50) NOT NULL, duration BIGINT, type VARCHAR(50), host VARCHAR(50), alert BIT NOT NULL, PRIMARY KEY (id))
DISCONNECT
/*C29*/SET SCHEMA PUBLIC
CREATE TABLE IF NOT EXISTS Events ( id VARCHAR(50) NOT NULL, duration BIGINT, type VARCHAR(50), host VARCHAR(50), alert BIT NOT NULL, PRIMARY KEY (id))
INSERT INTO EVENTS VALUES('scsmbstgra',5,'APPLICATION_LOG','12345','1')
COMMIT
INSERT INTO EVENTS VALUES('scsmbstgrb',3,NULL,NULL,'0')
COMMIT
INSERT INTO EVENTS VALUES('scsmbstgrc',8,NULL,NULL,'1')
COMMIT
DISCONNECT
/*C30*/SET SCHEMA PUBLIC
DISCONNECT
/*C25*/SET SCHEMA PUBLIC
DISCONNECT
/*C31*/SET SCHEMA PUBLIC
DISCONNECT
/*C32*/SET SCHEMA PUBLIC
CREATE TABLE IF NOT EXISTS Events ( id VARCHAR(50) NOT NULL, duration BIGINT, type VARCHAR(50), host VARCHAR(50), alert BIT NOT NULL, PRIMARY KEY (id))
DISCONNECT
/*C33*/SET SCHEMA PUBLIC
CREATE TABLE IF NOT EXISTS Events ( id VARCHAR(50) NOT NULL, duration BIGINT, type VARCHAR(50), host VARCHAR(50), alert BIT NOT NULL, PRIMARY KEY (id))
DISCONNECT
/*C34*/SET SCHEMA PUBLIC
CREATE TABLE IF NOT EXISTS Events ( id VARCHAR(50) NOT NULL, duration BIGINT, type VARCHAR(50), host VARCHAR(50), alert BIT NOT NULL, PRIMARY KEY (id))
DISCONNECT
/*C35*/SET SCHEMA PUBLIC
CREATE TABLE IF NOT EXISTS Events ( id VARCHAR(50) NOT NULL, duration BIGINT, type VARCHAR(50), host VARCHAR(50), alert BIT NOT NULL, PRIMARY KEY (id))
DISCONNECT
/*C36*/SET SCHEMA PUBLIC
DISCONNECT
/*C37*/SET SCHEMA PUBLIC
DISCONNECT
